<?xml version="1.0" encoding="UTF-8"?>
<!-- Generated by org.testng.reporters.JUnitReportReporter -->
<testsuite hostname="lapapotte" failures="0" tests="7" name="org.openrefine.wikidata.schema.WbItemDocumentExprTest" time="0.125" errors="0" timestamp="2021-03-15T22:21:13 CET" skipped="0">
  <testcase classname="org.openrefine.wikidata.schema.WbItemDocumentExprTest" name="testSerialize" time="0.026"/>
  <system-out/>
  <testcase classname="org.openrefine.wikidata.schema.WbItemDocumentExprTest" name="testUnmodifiableNameDescsList" time="0.018"/>
  <system-out/>
  <testcase classname="org.openrefine.wikidata.schema.WbItemDocumentExprTest" name="testAliasSkipped" time="0.028"/>
  <system-out/>
  <testcase classname="org.openrefine.wikidata.schema.WbItemDocumentExprTest" name="testUnmodifiableStatementGroupsList" time="0.012"/>
  <system-out/>
  <testcase classname="org.openrefine.wikidata.schema.WbItemDocumentExprTest" name="testEvaluate" time="0.017"/>
  <system-out/>
  <testcase classname="org.openrefine.wikidata.schema.WbItemDocumentExprTest" name="testSubjectSkipped" time="0.014"/>
  <system-out/>
  <testcase classname="org.openrefine.wikidata.schema.WbItemDocumentExprTest" name="testStatementSkipped" time="0.010"/>
  <system-out/>
</testsuite> <!-- org.openrefine.wikidata.schema.WbItemDocumentExprTest -->
