<?xml version="1.0" encoding="UTF-8"?>
<!-- Generated by org.testng.reporters.JUnitReportReporter -->
<testsuite hostname="lapapotte" failures="0" tests="1" name="org.openrefine.wikidata.schema.WikibaseSchemaTest" time="2.385" errors="0" timestamp="2021-03-31T17:21:13 CEST" skipped="0">
  <testcase classname="org.openrefine.wikidata.schema.WikibaseSchemaTest" name="testDeserialize" time="2.385"/>
  <system-out/>
</testsuite> <!-- org.openrefine.wikidata.schema.WikibaseSchemaTest -->
