<?xml version="1.0" encoding="UTF-8"?>
<!-- Generated by org.testng.reporters.JUnitReportReporter -->
<testsuite hostname="lapapotte" failures="0" tests="4" name="org.openrefine.wikidata.commands.SaveWikibaseSchemaCommandTest" time="1.150" errors="0" timestamp="2021-03-31T17:43:01 CEST" skipped="0">
  <testcase classname="org.openrefine.wikidata.commands.SaveWikibaseSchemaCommandTest" name="testCsrfProtection" time="0.159"/>
  <system-out/>
  <testcase classname="org.openrefine.wikidata.commands.SaveWikibaseSchemaCommandTest" name="testValidSchema" time="0.853"/>
  <system-out/>
  <testcase classname="org.openrefine.wikidata.commands.SaveWikibaseSchemaCommandTest" name="testNoSchema" time="0.016"/>
  <system-out/>
  <testcase classname="org.openrefine.wikidata.commands.SaveWikibaseSchemaCommandTest" name="testInvalidSchema" time="0.122"/>
  <system-out/>
</testsuite> <!-- org.openrefine.wikidata.commands.SaveWikibaseSchemaCommandTest -->
