<?xml version="1.0" encoding="UTF-8"?>
<!-- Generated by org.testng.reporters.JUnitReportReporter -->
<testsuite hostname="lapapotte" failures="0" tests="5" name="org.openrefine.wikidata.schema.WbReferenceExprTest" time="0.099" errors="0" timestamp="2021-03-15T22:21:13 CET" skipped="0">
  <testcase classname="org.openrefine.wikidata.schema.WbReferenceExprTest" name="testUnmodifiableList" time="0.008"/>
  <system-out/>
  <testcase classname="org.openrefine.wikidata.schema.WbReferenceExprTest" name="testEvaluateWithOneSkip" time="0.025"/>
  <system-out/>
  <testcase classname="org.openrefine.wikidata.schema.WbReferenceExprTest" name="testSerialize" time="0.034"/>
  <system-out/>
  <testcase classname="org.openrefine.wikidata.schema.WbReferenceExprTest" name="testNoValidSnak" time="0.017"/>
  <system-out/>
  <testcase classname="org.openrefine.wikidata.schema.WbReferenceExprTest" name="testEvaluate" time="0.015"/>
  <system-out/>
</testsuite> <!-- org.openrefine.wikidata.schema.WbReferenceExprTest -->
