<?xml version="1.0" encoding="UTF-8"?>
<!-- Generated by org.testng.reporters.JUnitReportReporter -->
<testsuite hostname="lapapotte" failures="0" tests="7" name="org.openrefine.wikidata.schema.WbLocationConstantTest" time="2.500" errors="0" timestamp="2021-03-15T22:21:13 CET" skipped="0">
  <testcase classname="org.openrefine.wikidata.schema.WbLocationConstantTest" name="constructtooManyParts" time="0.016"/>
  <system-out/>
  <testcase classname="org.openrefine.wikidata.schema.WbLocationConstantTest" name="testSerialization" time="0.186"/>
  <system-out/>
  <testcase classname="org.openrefine.wikidata.schema.WbLocationConstantTest" name="testParseInvalid" time="0.018"/>
  <system-out/>
  <testcase classname="org.openrefine.wikidata.schema.WbLocationConstantTest" name="testEvaluate" time="1.411"/>
  <system-out/>
  <testcase classname="org.openrefine.wikidata.schema.WbLocationConstantTest" name="constructInvalid" time="0.023"/>
  <system-out/>
  <testcase classname="org.openrefine.wikidata.schema.WbLocationConstantTest" name="constructNotNumber" time="0.831"/>
  <system-out/>
  <testcase classname="org.openrefine.wikidata.schema.WbLocationConstantTest" name="testEvaluateWithPrecision" time="0.015"/>
  <system-out/>
</testsuite> <!-- org.openrefine.wikidata.schema.WbLocationConstantTest -->
