<?xml version="1.0" encoding="UTF-8"?>
<!-- Generated by org.testng.reporters.JUnitReportReporter -->
<testsuite hostname="lapapotte" failures="0" tests="2" name="org.openrefine.wikidata.editing.EditBatchProcessorTest" time="1.423" errors="0" timestamp="2021-03-31T17:43:13 CEST" skipped="0">
  <testcase classname="org.openrefine.wikidata.editing.EditBatchProcessorTest" name="testNewItem" time="0.576"/>
  <system-out/>
  <testcase classname="org.openrefine.wikidata.editing.EditBatchProcessorTest" name="testMultipleBatches" time="0.847"/>
  <system-out/>
</testsuite> <!-- org.openrefine.wikidata.editing.EditBatchProcessorTest -->
