<?xml version="1.0" encoding="UTF-8"?>
<!-- Generated by org.testng.reporters.JUnitReportReporter -->
<testsuite hostname="lapapotte" failures="0" tests="4" name="org.openrefine.wikidata.qa.scrutinizers.FormatScrutinizerTest" time="1.269" errors="0" timestamp="2021-03-15T21:53:49 CET" skipped="0">
  <testcase classname="org.openrefine.wikidata.qa.scrutinizers.FormatScrutinizerTest" name="testInvalidRegex" time="0.005"/>
  <system-out/>
  <testcase classname="org.openrefine.wikidata.qa.scrutinizers.FormatScrutinizerTest" name="testNoIssue" time="0.005"/>
  <system-out/>
  <testcase classname="org.openrefine.wikidata.qa.scrutinizers.FormatScrutinizerTest" name="testIncompleteMatch" time="1.240"/>
  <system-out/>
  <testcase classname="org.openrefine.wikidata.qa.scrutinizers.FormatScrutinizerTest" name="testTrigger" time="0.019"/>
  <system-out/>
</testsuite> <!-- org.openrefine.wikidata.qa.scrutinizers.FormatScrutinizerTest -->
