<?xml version="1.0" encoding="UTF-8"?>
<!-- Generated by org.testng.reporters.JUnitReportReporter -->
<testsuite hostname="lapapotte" failures="0" tests="9" name="org.openrefine.wikidata.schema.WbStringVariableTest" time="0.091" errors="0" timestamp="2021-03-15T22:21:13 CET" skipped="0">
  <testcase classname="org.openrefine.wikidata.schema.WbStringVariableTest" name="testDoubleInteger" time="0.017"/>
  <system-out/>
  <testcase classname="org.openrefine.wikidata.schema.WbStringVariableTest" name="testDoubleWhitespace" time="0.007"/>
  <system-out/>
  <testcase classname="org.openrefine.wikidata.schema.WbStringVariableTest" name="testLong" time="0.010"/>
  <system-out/>
  <testcase classname="org.openrefine.wikidata.schema.WbStringVariableTest" name="testTrailingWhitespace" time="0.008"/>
  <system-out/>
  <testcase classname="org.openrefine.wikidata.schema.WbStringVariableTest" name="testLargeDouble" time="0.015"/>
  <system-out/>
  <testcase classname="org.openrefine.wikidata.schema.WbStringVariableTest" name="testSimpleString" time="0.007"/>
  <system-out/>
  <testcase classname="org.openrefine.wikidata.schema.WbStringVariableTest" name="testInteger" time="0.010"/>
  <system-out/>
  <testcase classname="org.openrefine.wikidata.schema.WbStringVariableTest" name="testEmpty" time="0.007"/>
  <system-out/>
  <testcase classname="org.openrefine.wikidata.schema.WbStringVariableTest" name="testLeadingWhitespace" time="0.010"/>
  <system-out/>
</testsuite> <!-- org.openrefine.wikidata.schema.WbStringVariableTest -->
