<?xml version="1.0" encoding="UTF-8"?>
<!-- Generated by org.testng.reporters.JUnitReportReporter -->
<testsuite hostname="lapapotte" failures="0" tests="5" name="org.openrefine.wikidata.schema.WbStatementGroupExprTest" time="0.050" errors="0" timestamp="2021-03-15T22:21:13 CET" skipped="0">
  <testcase classname="org.openrefine.wikidata.schema.WbStatementGroupExprTest" name="testCreate" time="0.010"/>
  <system-out/>
  <testcase classname="org.openrefine.wikidata.schema.WbStatementGroupExprTest" name="testSkip" time="0.011"/>
  <system-out/>
  <testcase classname="org.openrefine.wikidata.schema.WbStatementGroupExprTest" name="testSerialize" time="0.010"/>
  <system-out/>
  <testcase classname="org.openrefine.wikidata.schema.WbStatementGroupExprTest" name="testEvaluate" time="0.010"/>
  <system-out/>
  <testcase classname="org.openrefine.wikidata.schema.WbStatementGroupExprTest" name="testUnmodifiableList" time="0.009"/>
  <system-out/>
</testsuite> <!-- org.openrefine.wikidata.schema.WbStatementGroupExprTest -->
