<?xml version="1.0" encoding="UTF-8"?>
<!-- Generated by org.testng.reporters.JUnitReportReporter -->
<testsuite hostname="lapapotte" failures="0" tests="2" name="org.openrefine.wikidata.schema.WbSnakExprTest" time="0.023" errors="0" timestamp="2021-03-15T22:21:13 CET" skipped="0">
  <testcase classname="org.openrefine.wikidata.schema.WbSnakExprTest" name="testEvaluate" time="0.009"/>
  <system-out/>
  <testcase classname="org.openrefine.wikidata.schema.WbSnakExprTest" name="testSerialize" time="0.014"/>
  <system-out/>
</testsuite> <!-- org.openrefine.wikidata.schema.WbSnakExprTest -->
