<?xml version="1.0" encoding="UTF-8"?>
<!-- Generated by org.testng.reporters.JUnitReportReporter -->
<testsuite hostname="lapapotte" failures="0" tests="3" name="org.openrefine.wikidata.operations.PerformWikibaseEditsOperationTest" time="2.327" errors="0" timestamp="2021-03-31T17:42:31 CEST" skipped="0">
  <testcase classname="org.openrefine.wikidata.operations.PerformWikibaseEditsOperationTest" name="testLoadChange" time="0.161"/>
  <system-out/>
  <testcase classname="org.openrefine.wikidata.operations.PerformWikibaseEditsOperationTest" name="testReconstruct" time="0.296"/>
  <system-out/>
  <testcase classname="org.openrefine.wikidata.operations.PerformWikibaseEditsOperationTest" name="testConstructor" time="1.870"/>
  <system-out/>
</testsuite> <!-- org.openrefine.wikidata.operations.PerformWikibaseEditsOperationTest -->
