<?xml version="1.0" encoding="UTF-8"?>
<!-- Generated by org.testng.reporters.JUnitReportReporter -->
<testsuite hostname="lapapotte" failures="0" tests="4" name="org.openrefine.wikidata.schema.WbStringConstantTest" time="0.049" errors="0" timestamp="2021-03-15T22:21:13 CET" skipped="0">
  <testcase classname="org.openrefine.wikidata.schema.WbStringConstantTest" name="testTrim" time="0.011"/>
  <system-out/>
  <testcase classname="org.openrefine.wikidata.schema.WbStringConstantTest" name="testEmpty" time="0.011"/>
  <system-out/>
  <testcase classname="org.openrefine.wikidata.schema.WbStringConstantTest" name="testEvaluate" time="0.016"/>
  <system-out/>
  <testcase classname="org.openrefine.wikidata.schema.WbStringConstantTest" name="testSerialize" time="0.011"/>
  <system-out/>
</testsuite> <!-- org.openrefine.wikidata.schema.WbStringConstantTest -->
