<?xml version="1.0" encoding="UTF-8"?>
<!-- Generated by org.testng.reporters.JUnitReportReporter -->
<testsuite hostname="lapapotte" failures="0" tests="6" name="org.openrefine.wikidata.schema.WbMonolingualExprTest" time="0.113" errors="0" timestamp="2021-03-15T22:21:13 CET" skipped="0">
  <testcase classname="org.openrefine.wikidata.schema.WbMonolingualExprTest" name="testEmptyLanguageCode" time="0.012"/>
  <system-out/>
  <testcase classname="org.openrefine.wikidata.schema.WbMonolingualExprTest" name="testEmptyText" time="0.011"/>
  <system-out/>
  <testcase classname="org.openrefine.wikidata.schema.WbMonolingualExprTest" name="testEvaluateConstant" time="0.012"/>
  <system-out/>
  <testcase classname="org.openrefine.wikidata.schema.WbMonolingualExprTest" name="testTrim" time="0.020"/>
  <system-out/>
  <testcase classname="org.openrefine.wikidata.schema.WbMonolingualExprTest" name="testEvaluateVariable" time="0.045"/>
  <system-out/>
  <testcase classname="org.openrefine.wikidata.schema.WbMonolingualExprTest" name="testInvalidLanguageCode" time="0.013"/>
  <system-out/>
</testsuite> <!-- org.openrefine.wikidata.schema.WbMonolingualExprTest -->
