<?xml version="1.0" encoding="UTF-8"?>
<!-- Generated by org.testng.reporters.JUnitReportReporter -->
<testsuite hostname="lapapotte" failures="0" tests="6" name="org.openrefine.wikidata.schema.WbNameDescExprTest" time="0.156" errors="0" timestamp="2021-03-15T22:21:13 CET" skipped="0">
  <testcase classname="org.openrefine.wikidata.schema.WbNameDescExprTest" name="testSerialization" time="0.046"/>
  <system-out/>
  <testcase classname="org.openrefine.wikidata.schema.WbNameDescExprTest" name="testContributeToLabel" time="0.019"/>
  <system-out/>
  <testcase classname="org.openrefine.wikidata.schema.WbNameDescExprTest" name="testGetters" time="0.018"/>
  <system-out/>
  <testcase classname="org.openrefine.wikidata.schema.WbNameDescExprTest" name="testSkipped" time="0.018"/>
  <system-out/>
  <testcase classname="org.openrefine.wikidata.schema.WbNameDescExprTest" name="testContributeToDescription" time="0.021"/>
  <system-out/>
  <testcase classname="org.openrefine.wikidata.schema.WbNameDescExprTest" name="testContributeToAlias" time="0.034"/>
  <system-out/>
</testsuite> <!-- org.openrefine.wikidata.schema.WbNameDescExprTest -->
