<?xml version="1.0" encoding="UTF-8"?>
<!-- Generated by org.testng.reporters.JUnitReportReporter -->
<testsuite hostname="lapapotte" failures="0" tests="3" name="org.openrefine.wikidata.schema.ExpressionContextTest" time="0.033" errors="0" timestamp="2021-03-15T22:21:13 CET" skipped="0">
  <testcase classname="org.openrefine.wikidata.schema.ExpressionContextTest" name="testGetRowId" time="0.008"/>
  <system-out/>
  <testcase classname="org.openrefine.wikidata.schema.ExpressionContextTest" name="testGetCellByColumnName" time="0.012"/>
  <system-out/>
  <testcase classname="org.openrefine.wikidata.schema.ExpressionContextTest" name="testNonExistentColumn" time="0.013"/>
  <system-out/>
</testsuite> <!-- org.openrefine.wikidata.schema.ExpressionContextTest -->
