<?xml version="1.0" encoding="UTF-8"?>
<!-- Generated by org.testng.reporters.JUnitReportReporter -->
<testsuite hostname="lapapotte" failures="0" tests="4" name="org.openrefine.wikidata.schema.WbLanguageVariableTest" time="0.660" errors="0" timestamp="2021-03-15T22:21:13 CET" skipped="0">
  <testcase classname="org.openrefine.wikidata.schema.WbLanguageVariableTest" name="testInvalidLanguageCode" time="0.622"/>
  <system-out/>
  <testcase classname="org.openrefine.wikidata.schema.WbLanguageVariableTest" name="testValidLanguageCode" time="0.010"/>
  <system-out/>
  <testcase classname="org.openrefine.wikidata.schema.WbLanguageVariableTest" name="testNullCell" time="0.008"/>
  <system-out/>
  <testcase classname="org.openrefine.wikidata.schema.WbLanguageVariableTest" name="testSerialize" time="0.020"/>
  <system-out/>
</testsuite> <!-- org.openrefine.wikidata.schema.WbLanguageVariableTest -->
