<?xml version="1.0" encoding="UTF-8"?>
<!-- Generated by org.testng.reporters.JUnitReportReporter -->
<testsuite hostname="lapapotte" failures="0" tests="5" name="org.openrefine.wikidata.commands.PreviewWikibaseSchemaCommandTest" time="5.590" errors="0" timestamp="2021-03-31T17:43:01 CEST" skipped="0">
  <testcase classname="org.openrefine.wikidata.commands.PreviewWikibaseSchemaCommandTest" name="testInvalidSchema" time="1.488"/>
  <system-out/>
  <testcase classname="org.openrefine.wikidata.commands.PreviewWikibaseSchemaCommandTest" name="testInvalidManifest" time="0.528"/>
  <system-out/>
  <testcase classname="org.openrefine.wikidata.commands.PreviewWikibaseSchemaCommandTest" name="testNoManifest" time="0.022"/>
  <system-out/>
  <testcase classname="org.openrefine.wikidata.commands.PreviewWikibaseSchemaCommandTest" name="testNoSchema" time="2.252"/>
  <system-out/>
  <testcase classname="org.openrefine.wikidata.commands.PreviewWikibaseSchemaCommandTest" name="testValidSchema" time="1.300"/>
  <system-out/>
</testsuite> <!-- org.openrefine.wikidata.commands.PreviewWikibaseSchemaCommandTest -->
