<?xml version="1.0" encoding="UTF-8"?>
<!-- Generated by org.testng.reporters.JUnitReportReporter -->
<testsuite hostname="lapapotte" failures="0" tests="1" name="org.openrefine.wikidata.utils.SnakUtilsTests" time="0.020" errors="0" timestamp="2021-05-11T14:58:10 CEST" skipped="0">
  <testcase classname="org.openrefine.wikidata.utils.SnakUtilsTests" name="testGroupSnaks" time="0.020"/>
  <system-out/>
</testsuite> <!-- org.openrefine.wikidata.utils.SnakUtilsTests -->
