<?xml version="1.0" encoding="UTF-8"?>
<!-- Generated by org.testng.reporters.JUnitReportReporter -->
<testsuite hostname="lapapotte" failures="0" tests="4" name="org.openrefine.wikidata.schema.WbLanguageConstantTest" time="0.107" errors="0" timestamp="2021-03-15T22:21:13 CET" skipped="0">
  <testcase classname="org.openrefine.wikidata.schema.WbLanguageConstantTest" name="testEvaluation" time="0.016"/>
  <system-out/>
  <testcase classname="org.openrefine.wikidata.schema.WbLanguageConstantTest" name="testNormalizeLanguageCode" time="0.019"/>
  <system-out/>
  <testcase classname="org.openrefine.wikidata.schema.WbLanguageConstantTest" name="testSerialization" time="0.028"/>
  <system-out/>
  <testcase classname="org.openrefine.wikidata.schema.WbLanguageConstantTest" name="testFallbackLangCodes" time="0.044"/>
  <system-out/>
</testsuite> <!-- org.openrefine.wikidata.schema.WbLanguageConstantTest -->
