<?xml version="1.0" encoding="UTF-8"?>
<!-- Generated by org.testng.reporters.JUnitReportReporter -->
<testsuite hostname="lapapotte" failures="0" tests="8" name="org.openrefine.wikidata.schema.WbItemVariableTest" time="0.097" errors="0" timestamp="2021-03-15T22:21:13 CET" skipped="0">
  <testcase classname="org.openrefine.wikidata.schema.WbItemVariableTest" name="testNewItemCell" time="0.012"/>
  <system-out/>
  <testcase classname="org.openrefine.wikidata.schema.WbItemVariableTest" name="testInvalidSpace" time="0.011"/>
  <system-out/>
  <testcase classname="org.openrefine.wikidata.schema.WbItemVariableTest" name="testUnreconciledCell" time="0.012"/>
  <system-out/>
  <testcase classname="org.openrefine.wikidata.schema.WbItemVariableTest" name="testSerialize" time="0.017"/>
  <system-out/>
  <testcase classname="org.openrefine.wikidata.schema.WbItemVariableTest" name="testNullStringValue" time="0.012"/>
  <system-out/>
  <testcase classname="org.openrefine.wikidata.schema.WbItemVariableTest" name="testReconciledCell" time="0.009"/>
  <system-out/>
  <testcase classname="org.openrefine.wikidata.schema.WbItemVariableTest" name="testNullCell" time="0.016"/>
  <system-out/>
  <testcase classname="org.openrefine.wikidata.schema.WbItemVariableTest" name="testUnmatchedCell" time="0.008"/>
  <system-out/>
</testsuite> <!-- org.openrefine.wikidata.schema.WbItemVariableTest -->
