<?xml version="1.0" encoding="UTF-8"?>
<!-- Generated by org.testng.reporters.JUnitReportReporter -->
<testsuite hostname="lapapotte" failures="0" tests="8" name="org.openrefine.wikidata.editing.ReconEntityRewriterTest" time="0.196" errors="0" timestamp="2021-03-31T17:43:13 CEST" skipped="0">
  <testcase classname="org.openrefine.wikidata.editing.ReconEntityRewriterTest" name="testRewriteUpdateOnExistingEntity" time="0.015"/>
  <system-out/>
  <testcase classname="org.openrefine.wikidata.editing.ReconEntityRewriterTest" name="testRewriteCreate" time="0.024"/>
  <system-out/>
  <testcase classname="org.openrefine.wikidata.editing.ReconEntityRewriterTest" name="testSubjectNotRewritten" time="0.003"/>
  <system-out/>
  <testcase classname="org.openrefine.wikidata.editing.ReconEntityRewriterTest" name="testRewriteUpdateOnPreviouslyCreatedEntity" time="0.011"/>
  <system-out/>
  <testcase classname="org.openrefine.wikidata.editing.ReconEntityRewriterTest" name="testMatched" time="0.127"/>
  <system-out/>
  <testcase classname="org.openrefine.wikidata.editing.ReconEntityRewriterTest" name="testSubjectRewritten" time="0.005"/>
  <system-out/>
  <testcase classname="org.openrefine.wikidata.editing.ReconEntityRewriterTest" name="testSuccessfulRewrite" time="0.007"/>
  <system-out/>
  <testcase classname="org.openrefine.wikidata.editing.ReconEntityRewriterTest" name="testNotCreatedYet" time="0.004"/>
  <system-out/>
</testsuite> <!-- org.openrefine.wikidata.editing.ReconEntityRewriterTest -->
