<?xml version="1.0" encoding="UTF-8"?>
<!-- Generated by org.testng.reporters.JUnitReportReporter -->
<testsuite hostname="lapapotte" failures="0" tests="2" name="org.openrefine.wikidata.schema.WbItemConstantTest" time="0.065" errors="0" timestamp="2021-03-15T22:21:13 CET" skipped="0">
  <testcase classname="org.openrefine.wikidata.schema.WbItemConstantTest" name="testEvaluate" time="0.045"/>
  <system-out/>
  <testcase classname="org.openrefine.wikidata.schema.WbItemConstantTest" name="testSerialize" time="0.020"/>
  <system-out/>
</testsuite> <!-- org.openrefine.wikidata.schema.WbItemConstantTest -->
