<?xml version="1.0" encoding="UTF-8"?>
<!-- Generated by org.testng.reporters.JUnitReportReporter -->
<testsuite hostname="lapapotte" failures="0" tests="2" name="org.openrefine.wikidata.operations.SaveWikibaseSchemaOperationTest" time="0.216" errors="0" timestamp="2021-03-31T17:42:31 CEST" skipped="0">
  <testcase classname="org.openrefine.wikidata.operations.SaveWikibaseSchemaOperationTest" name="testLoadChange" time="0.103"/>
  <system-out/>
  <testcase classname="org.openrefine.wikidata.operations.SaveWikibaseSchemaOperationTest" name="testReconstruct" time="0.113"/>
  <system-out/>
</testsuite> <!-- org.openrefine.wikidata.operations.SaveWikibaseSchemaOperationTest -->
