<?xml version="1.0" encoding="UTF-8"?>
<!-- Generated by org.testng.reporters.JUnitReportReporter -->
<testsuite hostname="lapapotte" failures="0" tests="3" name="org.openrefine.wikidata.editing.NewItemLibraryTest" time="1.075" errors="0" timestamp="2021-03-31T17:43:13 CEST" skipped="0">
  <testcase classname="org.openrefine.wikidata.editing.NewItemLibraryTest" name="testUpdateReconciledCells" time="0.675"/>
  <system-out/>
  <testcase classname="org.openrefine.wikidata.editing.NewItemLibraryTest" name="testRetrieveItem" time="0.007"/>
  <system-out/>
  <testcase classname="org.openrefine.wikidata.editing.NewItemLibraryTest" name="testSerialize" time="0.393"/>
  <system-out/>
</testsuite> <!-- org.openrefine.wikidata.editing.NewItemLibraryTest -->
