<?xml version="1.0" encoding="UTF-8"?>
<!-- Generated by org.testng.reporters.JUnitReportReporter -->
<testsuite hostname="lapapotte" failures="0" tests="8" name="org.openrefine.wikidata.schema.WbDateVariableTest" time="0.178" errors="0" timestamp="2021-03-15T22:21:13 CET" skipped="0">
  <testcase classname="org.openrefine.wikidata.schema.WbDateVariableTest" name="testSkipped" time="0.026"/>
  <system-out/>
  <testcase classname="org.openrefine.wikidata.schema.WbDateVariableTest" name="testNullStringValue" time="0.017"/>
  <system-out/>
  <testcase classname="org.openrefine.wikidata.schema.WbDateVariableTest" name="testNullCell" time="0.016"/>
  <system-out/>
  <testcase classname="org.openrefine.wikidata.schema.WbDateVariableTest" name="testValidFormat" time="0.022"/>
  <system-out/>
  <testcase classname="org.openrefine.wikidata.schema.WbDateVariableTest" name="testWhitespace" time="0.032"/>
  <system-out/>
  <testcase classname="org.openrefine.wikidata.schema.WbDateVariableTest" name="testMinutesISO" time="0.029"/>
  <system-out/>
  <testcase classname="org.openrefine.wikidata.schema.WbDateVariableTest" name="testSerialize" time="0.016"/>
  <system-out/>
  <testcase classname="org.openrefine.wikidata.schema.WbDateVariableTest" name="testNumber" time="0.020"/>
  <system-out/>
</testsuite> <!-- org.openrefine.wikidata.schema.WbDateVariableTest -->
