<?xml version="1.0" encoding="UTF-8"?>
<!-- Generated by org.testng.reporters.JUnitReportReporter -->
<testsuite hostname="lapapotte" failures="0" tests="7" name="org.openrefine.wikidata.schema.WbQuantityExprTest" time="0.090" errors="0" timestamp="2021-03-15T22:21:13 CET" skipped="0">
  <testcase classname="org.openrefine.wikidata.schema.WbQuantityExprTest" name="testWithoutUnit" time="0.011"/>
  <system-out/>
  <testcase classname="org.openrefine.wikidata.schema.WbQuantityExprTest" name="testInvalidAmountWithUnit" time="0.011"/>
  <system-out/>
  <testcase classname="org.openrefine.wikidata.schema.WbQuantityExprTest" name="testInvalidAmountWithoutUnit" time="0.011"/>
  <system-out/>
  <testcase classname="org.openrefine.wikidata.schema.WbQuantityExprTest" name="testExponent" time="0.027"/>
  <system-out/>
  <testcase classname="org.openrefine.wikidata.schema.WbQuantityExprTest" name="testWithUnit" time="0.011"/>
  <system-out/>
  <testcase classname="org.openrefine.wikidata.schema.WbQuantityExprTest" name="testOverflow" time="0.009"/>
  <system-out/>
  <testcase classname="org.openrefine.wikidata.schema.WbQuantityExprTest" name="testInvalidUnitWithAmount" time="0.010"/>
  <system-out/>
</testsuite> <!-- org.openrefine.wikidata.schema.WbQuantityExprTest -->
