<?xml version="1.0" encoding="UTF-8"?>
<!-- Generated by org.testng.reporters.JUnitReportReporter -->
<testsuite hostname="lapapotte" failures="0" tests="6" name="org.openrefine.wikidata.schema.WbDateConstantTest" time="0.092" errors="0" timestamp="2021-03-15T22:21:13 CET" skipped="0">
  <testcase classname="org.openrefine.wikidata.schema.WbDateConstantTest" name="testInvalid" time="0.016"/>
  <system-out/>
  <testcase classname="org.openrefine.wikidata.schema.WbDateConstantTest" name="testToday" time="0.011"/>
  <system-out/>
  <testcase classname="org.openrefine.wikidata.schema.WbDateConstantTest" name="testEvaluate" time="0.019"/>
  <system-out/>
  <testcase classname="org.openrefine.wikidata.schema.WbDateConstantTest" name="testPartlyValid" time="0.013"/>
  <system-out/>
  <testcase classname="org.openrefine.wikidata.schema.WbDateConstantTest" name="testSerialize" time="0.021"/>
  <system-out/>
  <testcase classname="org.openrefine.wikidata.schema.WbDateConstantTest" name="testInvalidCalendar" time="0.012"/>
  <system-out/>
</testsuite> <!-- org.openrefine.wikidata.schema.WbDateConstantTest -->
