<?xml version="1.0" encoding="UTF-8"?>
<!-- Generated by org.testng.reporters.JUnitReportReporter -->
<testsuite hostname="lapapotte" failures="0" tests="10" name="org.openrefine.wikidata.schema.WbStatementExprTest" time="0.185" errors="0" timestamp="2021-03-15T22:21:13 CET" skipped="0">
  <testcase classname="org.openrefine.wikidata.schema.WbStatementExprTest" name="testEvaluateWithoutQualifierAndReference" time="0.021"/>
  <system-out/>
  <testcase classname="org.openrefine.wikidata.schema.WbStatementExprTest" name="testEvaluateWithConstant" time="0.020"/>
  <system-out/>
  <testcase classname="org.openrefine.wikidata.schema.WbStatementExprTest" name="testEvaluate" time="0.022"/>
  <system-out/>
  <testcase classname="org.openrefine.wikidata.schema.WbStatementExprTest" name="testEvaluateWithoutReference" time="0.026"/>
  <system-out/>
  <testcase classname="org.openrefine.wikidata.schema.WbStatementExprTest" name="testSkip" time="0.023"/>
  <system-out/>
  <testcase classname="org.openrefine.wikidata.schema.WbStatementExprTest" name="testEvaluateWithoutQualifier" time="0.019"/>
  <system-out/>
  <testcase classname="org.openrefine.wikidata.schema.WbStatementExprTest" name="testCreation" time="0.022"/>
  <system-out/>
  <testcase classname="org.openrefine.wikidata.schema.WbStatementExprTest" name="testUnmodifiableQualifiersList" time="0.011"/>
  <system-out/>
  <testcase classname="org.openrefine.wikidata.schema.WbStatementExprTest" name="testUnmodifiableReferencesList" time="0.008"/>
  <system-out/>
  <testcase classname="org.openrefine.wikidata.schema.WbStatementExprTest" name="testSerialize" time="0.013"/>
  <system-out/>
</testsuite> <!-- org.openrefine.wikidata.schema.WbStatementExprTest -->
