<?xml version="1.0" encoding="UTF-8"?>
<!-- Generated by org.testng.reporters.JUnitReportReporter -->
<testsuite hostname="lapapotte" failures="0" tests="3" name="org.openrefine.wikidata.qa.ConstraintTest" time="0.046" errors="0" timestamp="2021-05-11T15:12:55 CEST" skipped="0">
  <testcase classname="org.openrefine.wikidata.qa.ConstraintTest" name="testInvalidConstraint" time="0.024"/>
  <system-out/>
  <testcase classname="org.openrefine.wikidata.qa.ConstraintTest" name="testGetConstraintStatus" time="0.007"/>
  <system-out/>
  <testcase classname="org.openrefine.wikidata.qa.ConstraintTest" name="testGetConstraintExceptions" time="0.015"/>
  <system-out/>
</testsuite> <!-- org.openrefine.wikidata.qa.ConstraintTest -->
