<?xml version="1.0" encoding="UTF-8"?>
<!-- Generated by org.testng.reporters.JUnitReportReporter -->
<testsuite hostname="lapapotte" failures="0" tests="7" name="org.openrefine.wikidata.schema.WbLocationVariableTest" time="0.114" errors="0" timestamp="2021-03-15T22:21:13 CET" skipped="0">
  <testcase classname="org.openrefine.wikidata.schema.WbLocationVariableTest" name="testEmpty" time="0.015"/>
  <system-out/>
  <testcase classname="org.openrefine.wikidata.schema.WbLocationVariableTest" name="testNullStringValue" time="0.018"/>
  <system-out/>
  <testcase classname="org.openrefine.wikidata.schema.WbLocationVariableTest" name="testSerialize" time="0.018"/>
  <system-out/>
  <testcase classname="org.openrefine.wikidata.schema.WbLocationVariableTest" name="testWhitespace" time="0.012"/>
  <system-out/>
  <testcase classname="org.openrefine.wikidata.schema.WbLocationVariableTest" name="testWithComma" time="0.016"/>
  <system-out/>
  <testcase classname="org.openrefine.wikidata.schema.WbLocationVariableTest" name="testWithSlash" time="0.020"/>
  <system-out/>
  <testcase classname="org.openrefine.wikidata.schema.WbLocationVariableTest" name="testOnlyOneValue" time="0.015"/>
  <system-out/>
</testsuite> <!-- org.openrefine.wikidata.schema.WbLocationVariableTest -->
