<?xml version="1.0" encoding="UTF-8"?>
<!-- Generated by org.testng.reporters.JUnitReportReporter -->
<testsuite hostname="lapapotte" failures="0" tests="23" name="org.openrefine.wikidata.commands.LoginCommandTest" time="3.578" errors="0" timestamp="2021-03-31T17:43:01 CEST" skipped="0">
  <testcase classname="org.openrefine.wikidata.commands.LoginCommandTest" name="testLogout" time="0.128"/>
  <system-out/>
  <testcase classname="org.openrefine.wikidata.commands.LoginCommandTest" name="testUsernamePasswordWithCookiesLoginFailed" time="0.032"/>
  <system-out/>
  <testcase classname="org.openrefine.wikidata.commands.LoginCommandTest" name="testCsrfProtection" time="0.059"/>
  <system-out/>
  <testcase classname="org.openrefine.wikidata.commands.LoginCommandTest" name="testNoApiEndpointGet" time="0.019"/>
  <system-out/>
  <testcase classname="org.openrefine.wikidata.commands.LoginCommandTest" name="testOwnerOnlyConsumerLoginWithCookies" time="0.031"/>
  <system-out/>
  <testcase classname="org.openrefine.wikidata.commands.LoginCommandTest" name="testGetNotCsrfProtected" time="0.021"/>
  <system-out/>
  <testcase classname="org.openrefine.wikidata.commands.LoginCommandTest" name="testLogoutFailed" time="0.038"/>
  <system-out/>
  <testcase classname="org.openrefine.wikidata.commands.LoginCommandTest" name="testUsernamePasswordLoginWithCookies" time="1.038"/>
  <system-out/>
  <testcase classname="org.openrefine.wikidata.commands.LoginCommandTest" name="testCookieEncoding" time="0.039"/>
  <system-out/>
  <testcase classname="org.openrefine.wikidata.commands.LoginCommandTest" name="testRemoveCRLF" time="0.013"/>
  <system-out/>
  <testcase classname="org.openrefine.wikidata.commands.LoginCommandTest" name="testCookieDecoding" time="0.237"/>
  <system-out/>
  <testcase classname="org.openrefine.wikidata.commands.LoginCommandTest" name="testOwnerOnlyConsumerLoginFailed" time="0.028"/>
  <system-out/>
  <testcase classname="org.openrefine.wikidata.commands.LoginCommandTest" name="testSanitizeCookieKey" time="0.014"/>
  <system-out/>
  <testcase classname="org.openrefine.wikidata.commands.LoginCommandTest" name="testClearCredentialsInPreferences" time="0.115"/>
  <system-out/>
  <testcase classname="org.openrefine.wikidata.commands.LoginCommandTest" name="testLogoutFailedBecauseCredentialsExpired" time="0.118"/>
  <system-out/>
  <testcase classname="org.openrefine.wikidata.commands.LoginCommandTest" name="testUsernamePasswordLoginRememberCredentials" time="1.441"/>
  <system-out/>
  <testcase classname="org.openrefine.wikidata.commands.LoginCommandTest" name="testNoCredentials" time="0.023"/>
  <system-out/>
  <testcase classname="org.openrefine.wikidata.commands.LoginCommandTest" name="testOwnerOnlyConsumerLoginRememberCredentials" time="0.045"/>
  <system-out/>
  <testcase classname="org.openrefine.wikidata.commands.LoginCommandTest" name="testNoApiEndpointPost" time="0.022"/>
  <system-out/>
  <testcase classname="org.openrefine.wikidata.commands.LoginCommandTest" name="testUsernamePasswordLogin" time="0.028"/>
  <system-out/>
  <testcase classname="org.openrefine.wikidata.commands.LoginCommandTest" name="testUsernamePasswordLoginFailed" time="0.027"/>
  <system-out/>
  <testcase classname="org.openrefine.wikidata.commands.LoginCommandTest" name="testMultipleConnections" time="0.031"/>
  <system-out/>
  <testcase classname="org.openrefine.wikidata.commands.LoginCommandTest" name="testOwnerOnlyConsumerLogin" time="0.031"/>
  <system-out/>
</testsuite> <!-- org.openrefine.wikidata.commands.LoginCommandTest -->
